launch-2268e1baf061.min.js:13 🚀 container.buildInfo.environment is deprecated.Please use `container.environment.stage` instead
L @ launch-2268e1baf061.min.js:13
$ @ launch-2268e1baf061.min.js:13
get @ launch-2268e1baf061.min.js:13
getReportSuites @ launch-2268e1baf061.min.js:8
e.exports @ launch-2268e1baf061.min.js:9
(anonymous) @ launch-2268e1baf061.min.js:8
script @ launch-2268e1baf061.min.js:8
se @ launch-2268e1baf061.min.js:13
r @ launch-2268e1baf061.min.js:13
(anonymous) @ launch-2268e1baf061.min.js:13
(anonymous) @ launch-2268e1baf061.min.js:13
script @ launch-2268e1baf061.min.js:8
se @ launch-2268e1baf061.min.js:13
r @ launch-2268e1baf061.min.js:13
(anonymous) @ launch-2268e1baf061.min.js:13
n @ launch-2268e1baf061.min.js:13
st @ launch-2268e1baf061.min.js:13
(anonymous) @ launch-2268e1baf061.min.js:13
(anonymous) @ launch-2268e1baf061.min.js:13
launch-2268e1baf061.min.js:13 🚀 container.buildInfo.environment is deprecated.Please use `container.environment.stage` instead
L @ launch-2268e1baf061.min.js:13
$ @ launch-2268e1baf061.min.js:13
get @ launch-2268e1baf061.min.js:13
getReportSuites @ launch-2268e1baf061.min.js:8
e.exports @ launch-2268e1baf061.min.js:9
(anonymous) @ launch-2268e1baf061.min.js:8
script @ launch-2268e1baf061.min.js:8
se @ launch-2268e1baf061.min.js:13
r @ launch-2268e1baf061.min.js:13
(anonymous) @ launch-2268e1baf061.min.js:13
(anonymous) @ launch-2268e1baf061.min.js:13
script @ launch-2268e1baf061.min.js:8
se @ launch-2268e1baf061.min.js:13
r @ launch-2268e1baf061.min.js:13
(anonymous) @ launch-2268e1baf061.min.js:13
n @ launch-2268e1baf061.min.js:13
st @ launch-2268e1baf061.min.js:13
(anonymous) @ launch-2268e1baf061.min.js:13
(anonymous) @ launch-2268e1baf061.min.js:13
4650.5acba1062314ba3c.js:1 DEPRECATED: DI is instantiating a token "S" that inherits its @Injectable decorator but does not provide one itself.
This will become an error in a future version of Angular. Please add @Injectable() to the "S" class.
wg @ 4650.5acba1062314ba3c.js:1
qv @ 4650.5acba1062314ba3c.js:1
Ci @ 4650.5acba1062314ba3c.js:1
wd @ 4650.5acba1062314ba3c.js:1
zv @ 4650.5acba1062314ba3c.js:1
processProvider @ 4650.5acba1062314ba3c.js:1
(anonymous) @ 4650.5acba1062314ba3c.js:1
(anonymous) @ 4650.5acba1062314ba3c.js:1
rt @ 4650.5acba1062314ba3c.js:1
processInjectorType @ 4650.5acba1062314ba3c.js:1
(anonymous) @ 4650.5acba1062314ba3c.js:1
(anonymous) @ 4650.5acba1062314ba3c.js:1
rt @ 4650.5acba1062314ba3c.js:1
Qv @ 4650.5acba1062314ba3c.js:1
Cd @ 4650.5acba1062314ba3c.js:1
$a @ 4650.5acba1062314ba3c.js:1
create @ 4650.5acba1062314ba3c.js:1
(anonymous) @ 6630.b743acf0bf927b6a.js:1
_next @ 5046.b39f5992efe6d161.js:1
next @ 5046.b39f5992efe6d161.js:1
notifyNext @ 5046.b39f5992efe6d161.js:1
_next @ 5046.b39f5992efe6d161.js:1
next @ 5046.b39f5992efe6d161.js:1
(anonymous) @ 5046.b39f5992efe6d161.js:1
E.invoke @ polyfills.42c1002ebcc731d7.js:1
onInvoke @ 4650.5acba1062314ba3c.js:1
E.invoke @ polyfills.42c1002ebcc731d7.js:1
E.run @ polyfills.42c1002ebcc731d7.js:1
(anonymous) @ polyfills.42c1002ebcc731d7.js:1
E.invokeTask @ polyfills.42c1002ebcc731d7.js:1
onInvokeTask @ 4650.5acba1062314ba3c.js:1
E.invokeTask @ polyfills.42c1002ebcc731d7.js:1
E.runTask @ polyfills.42c1002ebcc731d7.js:1
S @ polyfills.42c1002ebcc731d7.js:1
Promise.then (async)
O @ polyfills.42c1002ebcc731d7.js:1
E.scheduleTask @ polyfills.42c1002ebcc731d7.js:1
onScheduleTask @ polyfills.42c1002ebcc731d7.js:1
E.scheduleTask @ polyfills.42c1002ebcc731d7.js:1
E.scheduleTask @ polyfills.42c1002ebcc731d7.js:1
E.scheduleMicroTask @ polyfills.42c1002ebcc731d7.js:1
$ @ polyfills.42c1002ebcc731d7.js:1
W @ polyfills.42c1002ebcc731d7.js:1
(anonymous) @ polyfills.42c1002ebcc731d7.js:1
c @ main.98579f9983efd9e2.js:1
(anonymous) @ 9538.a4b6c816b4dfdf56.js:1
